
**** Build of configuration Debug for project hello_world_0 ****

make all 
Building file: ../src/draw.c
Invoking: MicroBlaze gcc compiler
mb-gcc -Wall -O0 -g3 -c -fmessage-length=0 -I../../hello_world_bsp_0/microblaze_0/include -mlittle-endian -mxl-barrel-shift -mxl-pattern-compare -mcpu=v8.20.b -mno-xl-soft-mul -MMD -MP -MF"src/draw.d" -MT"src/draw.d" -o"src/draw.o" "../src/draw.c"
In file included from ../src/draw.c:9:
../src/draw.h:50: warning: useless storage class specifier in empty declaration
Finished building: ../src/draw.c
' '
Building file: ../src/game.c
Invoking: MicroBlaze gcc compiler
mb-gcc -Wall -O0 -g3 -c -fmessage-length=0 -I../../hello_world_bsp_0/microblaze_0/include -mlittle-endian -mxl-barrel-shift -mxl-pattern-compare -mcpu=v8.20.b -mno-xl-soft-mul -MMD -MP -MF"src/game.d" -MT"src/game.d" -o"src/game.o" "../src/game.c"
In file included from ../src/game.c:12:
../src/draw.h:50: warning: useless storage class specifier in empty declaration
Finished building: ../src/game.c
' '
Building file: ../src/score_keeping.c
Invoking: MicroBlaze gcc compiler
mb-gcc -Wall -O0 -g3 -c -fmessage-length=0 -I../../hello_world_bsp_0/microblaze_0/include -mlittle-endian -mxl-barrel-shift -mxl-pattern-compare -mcpu=v8.20.b -mno-xl-soft-mul -MMD -MP -MF"src/score_keeping.d" -MT"src/score_keeping.d" -o"src/score_keeping.o" "../src/score_keeping.c"
In file included from ../src/score_keeping.h:12,
                 from ../src/score_keeping.c:10:
../src/draw.h:50: warning: useless storage class specifier in empty declaration
Finished building: ../src/score_keeping.c
' '
Building target: hello_world_0.elf
Invoking: MicroBlaze gcc linker
mb-gcc -Wl,-T -Wl,../src/lscript.ld -L../../hello_world_bsp_0/microblaze_0/lib -mlittle-endian -mxl-barrel-shift -mxl-pattern-compare -mcpu=v8.20.b -mno-xl-soft-mul -o"hello_world_0.elf"  ./src/draw.o ./src/draw_alien_bullet.o ./src/draw_aliens.o ./src/draw_bunker.o ./src/draw_saucer.o ./src/draw_tank.o ./src/draw_tank_bullet.o ./src/game.o ./src/main_space_invaders.o ./src/platform.o ./src/score_keeping.o   -Wl,--start-group,-lxil,-lgcc,-lc,--end-group
Finished building target: hello_world_0.elf
' '
Invoking: MicroBlaze Print Size
mb-size hello_world_0.elf  |tee "hello_world_0.elf.size"
   text	   data	    bss	    dec	    hex	filename
  83150	   1708	   5426	  90284	  160ac	hello_world_0.elf
Finished building: hello_world_0.elf.size
' '
Invoking: Xilinx ELF Check
elfcheck hello_world_0.elf -hw ../../SpaceInvaderTestHW2_hw_platform/system.xml -pe microblaze_0  |tee "hello_world_0.elf.elfcheck"
elfcheck
Xilinx EDK 13.4 Build EDK_O.87xd
Copyright (c) 1995-2011 Xilinx, Inc.  All rights reserved.

Command Line: elfcheck -hw ../../SpaceInvaderTestHW2_hw_platform/system.xml -pe
microblaze_0 hello_world_0.elf 

ELF file	: hello_world_0.elf
elfcheck passed.
Finished building: hello_world_0.elf.elfcheck
' '
