C:\Users\superman\Documents\GitHub\KellyAndHailey\SpaceInvadersHW\implementation\system.ngc 1507181571
C:/Users/superman/Documents/GitHub/KellyAndHailey/SpaceInvadersHW/implementation/rs232_uart_1_wrapper.ngc 1507181530
C:/Users/superman/Documents/GitHub/KellyAndHailey/SpaceInvadersHW/implementation/proc_sys_reset_0_wrapper.ngc 1507181530
C:/Users/superman/Documents/GitHub/KellyAndHailey/SpaceInvadersHW/implementation/clock_generator_0_wrapper.ngc 1507181549
C:/Users/superman/Documents/GitHub/KellyAndHailey/SpaceInvadersHW/implementation/axi_hdmi_0_wrapper.ngc 1507181530
C:/Users/superman/Documents/GitHub/KellyAndHailey/SpaceInvadersHW/implementation/axi_ac97_0_wrapper.ngc 1507181546
C:/Users/superman/Documents/GitHub/KellyAndHailey/SpaceInvadersHW/implementation/microblaze_0_ilmb_wrapper.ngc 1507181530
C:/Users/superman/Documents/GitHub/KellyAndHailey/SpaceInvadersHW/implementation/microblaze_0_dlmb_wrapper.ngc 1507181530
C:/Users/superman/Documents/GitHub/KellyAndHailey/SpaceInvadersHW/implementation/mcb_ddr2_wrapper.ngc 1507181530
C:/Users/superman/Documents/GitHub/KellyAndHailey/SpaceInvadersHW/implementation/axi4lite_0_wrapper.ngc 1507181530
C:/Users/superman/Documents/GitHub/KellyAndHailey/SpaceInvadersHW/implementation/axi4_0_wrapper.ngc 1507181530
C:/Users/superman/Documents/GitHub/KellyAndHailey/SpaceInvadersHW/implementation/microblaze_0_wrapper.ngc 1507181530
C:/Users/superman/Documents/GitHub/KellyAndHailey/SpaceInvadersHW/implementation/axi_vdma_0_wrapper.ngc 1507181530
C:/Users/superman/Documents/GitHub/KellyAndHailey/SpaceInvadersHW/implementation/microblaze_0_i_bram_ctrl_wrapper.ngc 1507181530
C:/Users/superman/Documents/GitHub/KellyAndHailey/SpaceInvadersHW/implementation/microblaze_0_d_bram_ctrl_wrapper.ngc 1507181530
C:/Users/superman/Documents/GitHub/KellyAndHailey/SpaceInvadersHW/implementation/debug_module_wrapper.ngc 1507181530
C:/Users/superman/Documents/GitHub/KellyAndHailey/SpaceInvadersHW/implementation/digilent_quadspi_cntlr_wrapper.ngc 1507181530
C:/Users/superman/Documents/GitHub/KellyAndHailey/SpaceInvadersHW/implementation/axi_intc_0_wrapper.ngc 1507181530
C:/Users/superman/Documents/GitHub/KellyAndHailey/SpaceInvadersHW/implementation/axi_timer_0_wrapper.ngc 1507181530
C:/Users/superman/Documents/GitHub/KellyAndHailey/SpaceInvadersHW/implementation/microblaze_0_bram_block_wrapper.ngc 1507181530
OK
